ENGESV	English	eng	en	English Standard Version	None	400
ENGNIV	English	eng	en	New International Version	None	400
ENGKJV	English	eng	en	King James Version	None	400
ENGCEV	English	eng	en	Contemporary English Version	None	400
ENGNRSV	English	eng	en	New Revised Standard Version	None	400
ENGNAB	English	eng	en	New American Bible	None	400
ENGWEB	English	eng	en	World English Bible	None	400
ENGNAS	English	eng	en	NAS New American Standard Bible	None	400
ENGNLV	English	eng	en	New Life Version	None	400
ENGEVD	English	eng	en	English Version for the Deaf	None	400
AFRABY	Afrikaans	afr	af	1953 Afrikaans Bible	Afrikaanse Bybel	Afrikaans Bible
ALSABV	Tosk Albanian	als	sq	Albanian Bible Version	None	None
ALSBSA	Tosk Albanian	als	sq	Interconfessional Version	None	None
AMHEVG	Amharic	amh	am	1962 Edition	None	None
AMHIBS	Amharic	amh	am	IBS Version	None	None
AMHSDV	Amharic	amh	am	Amharic 2007 Edition	الكتاب المقدس باللغة الأمهرية	الكتاب المقدس باللغة الأمهرية
APDAS2	Sudanese Arabic	apd	ar	Sudanese Arabic Sharif Version	None	None
ARBAKI	Standard Arabic	arb	ar	Kidz Arabic Drama	None	None
ARBAS1	Standard Arabic	arb	ar	Sharif Bible	الكتاب الشريف	The Holy Book
ARBGNB	Standard Arabic	arb	ar	Good News	الكتاب المقدس - الترجمة المشتركة	Bible - Common Translation
ARBIBS	Standard Arabic	arb	ar	The Book of Life	كتاب الحياة	Book of Life
ARBVDV	Standard Arabic	arb	ar	Arabic Van Dyke	الكتاب المقدس - فان دايك	The Bible - Van Dyck
ARBWTC	Standard Arabic	arb	ar	Easy to Read Version	التَّرجمة العربيَّة المُبَسَّطة	Simplified Arabic translation
ASMSER	Assamese	asm	as	The Serampore Assamese Bible	None	400
AVAANT	Avaric	ava	av	Avar New Testament	Ункъо рухlанияб хlакъикъат	400
AZBEMV	South Azerbaijani	azb	az	South Azerbaijani 2009 Version	None	None
AZEBSA	Azerbaijani	aze	az	The Bible in Azerbaijani	Müqəddəs Kitab	The Bible
BAKIBT	Bashkir	bak	ba	The New Testament in Bashkir	Инжилдең (Яңы Ғәһедтең) башҡорт теленә тәржемәһе	400
BELJFC	Belarusian	bel	be	Belarusian Bible	Новы Запавет і Прыповесьці	The New Testament and parables
BENBBS	Bengali	ben	bn	Bengali Mussolmani Version	None	None
BENCLV	Bengali	ben	bn	Bengali Common Language	None	None
BENRBV	Bengali	ben	bn	Bengali Re-edit Bangla Version	None	None
BENWTC	Bengali	ben	bn	Bengali Easy-to-Read Version	বাংলা বাইবেল - (ই টি আর)	Bengali Bible - (E.T.R.)
BNGOVV	Bengali	ben	bn	OVV Version	None	None
BULB40	Bulgarian	bul	bg	1940 Bulgarian Bible	Цариградски	Constantinople
BULBBS	Bulgarian	bul	bg	Contemporary Bulgarian Bible (with Deuterocanon)	Библия, нов превод (с неканоничните книги)	Bible, new translation (with non-canonical books)
BULPRB	Bulgarian	bul	bg	Protestant Bible	None	None
CESB85	Czech	ces	cs	Ecumenical Translation	Český ekumenický překlad	Czech ecumenical translation
CESK13	Czech	ces	cs	Bible of Kralice	Bible kralická	Kralická Bible
CHEIBT	Chechen	che	ce	New Testament	None	400
CHNCNV	Mandarin Chinese	cmn	zh	Chinese New Version	None	None
CHVIBT	Chuvash	chv	cv	New Testament in Chuvash	Ҫӗнӗ Халал	400
CMNSBV	Mandarin Chinese	cmn	zh	Studium Biblicum Version	思高本	Si Gaoben
CMNUN1	Mandarin Chinese	cmn	zh	Chinese Union Version (Simplified)	新标点和合本	New punctuation and combination
CMNUNV	Mandarin Chinese	cmn	zh	Chinese Union Version (Traditional)	新標點和合本	New punctuation and combination
DEUD05	German	deu	de	German 1905 Darby Unrevidierte Elberfel	German 1905 Darby Unrevidierte Elberfel	German 1905 Darby Unrevised Elberfel
DEUD71	German	deu	de	German 1971 Darby Unrevidierte Elberfel	German 1971 Darby Unrevidierte Elberfel	German 1971 Darby Unrevised Elberfel
DEUL12	German	deu	de	1912 Luther Bible	Lutherbibel 1912	Luther Bible 1912
DEUL45	German	deu	de	German 1545 Luther Bible	German 1545 Luther Bibel	German 1545 Luther Bible
ENGASV	English	eng	en	American Standard Version	None	400
ENGGNB	English	eng	en	Good News Bible	None	400
ENGIME	English	eng	en	The Holy Injil in Modern English	None	400
ENGREV	English	eng	en	Revised Version 1885	None	400
ENGWM1	English	eng	en	World Messianic Version	None	400
ENGWMV	English	eng	en	Wycliffe Modern Version	None	400
ERVBSI	Kannada	kan	kn	BSI Version	None	None
ESKWBT	Northwest Alaska Inupiatun	esk	ik	Northwest Alaska Inupiatun 1997 Edition	Ipqitchuat Makpiġaat - Agaayyutim Uqałhi Iñupiatun	400
EUSBSS	Basque	eus	eu	The Bible in Euskara	Elizen Arteko Biblia (Biblia en Euskara, Traducción Interconfesional)	Bible Interpretation (Bible in Basque, Interconfessional Translation)
EUSNLT	Basque	eus	eu	Elizen Arteko Biblia	Basque 1571 Navarro-labourdin	Basque 1571 Navarro-labourdin
EWEB11	Ewe	ewe	ee	Ewe Modern Bible	None	400
EWEIBS	Ewe	ewe	ee	Ewe 1988 Edition (Togo)	None	400
FFMWBT	Maasina Fulfulde	ffm	ff	The New Testament in Maasina Fulfulde	Aadi keyri: linjiila iisaa almasiihu	400
FRADBY	French	fra	fr	French 1885 Darby	None	None
FRALSG	French	fra	fr	Louis Segonde Version	Bible Segond 1910	English Bible 1910
FRAPDF	French	fra	fr	The Word of Life Bible	Parole De Vie	Word Of Life
FRNO96	French	fra	fr	Ostervald Version	None	None
FUESIM	Borgu Fulfulde	fue	ff	New Testament in Fulfulde, Borgu	Alkawal Kesal	400
FUFPBT	Pular	fuf	ff	Pular 2011 Edition	None	400
FUHSIM	Western Niger Fulfulde	fuh	ff	New Testament in Fulfulde Birkina	Dewtere Laamɗo Amaana Keso (NT)	400
FUHWBT	Western Niger Fulfulde	fuh	ff	2017 Edition	None	400
FUQWBT	Central-Eastern Niger Fulfulde	fuq	ff	Eastern Fulfulde New Testament	None	400
GNWNTM	Western Bolivian Guaraní	gnw	gn	Western Bolivian Guarani New Testament (1984)	None	400
GUISBU	Eastern Bolivian Guaraní	gui	gn	Eastern Bolivian Guaraní 2001 Edition	Biblia Guarani, Tumpa Iñee	400
GUJGOV	Gujarati	guj	gu	The Gujarati "Old Version" Bible	પવિત્ર બાઇબલ	Holy Bible
GUJWTC	Gujarati	guj	gu	Gujarati: Easy to Read Version	વાંચવા માટે સરળ	Easy to read
GUNWBT	Mbyá Guaraní	gun	gn	Guaraní Mnyá­ 2004 Edition	Nhanderuete ayvu iky'a e'ỹ va'e	400
HAEBSE	Eastern Oromo	hae	om	Eastern Oromo 2005 Edition	None	400
HATBIV	Haitian	hat	ht	2016 Edition	None	None
HATHCB	Haitian	hat	ht	Haitian Creole Bible	Bib La	Bible La
HATSBH	Haitian	hat	ht	Haitian 1999 Edition	None	None
HAUCLV	Hausa	hau	ha	Common Language Version	Common Language Version NT	Common Language Version NT
HAUN79	Hausa	hau	ha	The New Testament in Hausa	None	None
HINWTC	Hindi	hin	hi	Hindi 2007 Easy-to-Read Version	हिन्दी बाइबिल	Hindi Bible
HMOPNG	Hiri Motu	hmo	ho	Hiri Motu 1994 Edition	Buk Baibel long tokples Motu long Nuigini	400
HNDOVV	Hindi	hin	hi	OVV Version	None	None
HNDSKV	Hindi	hin	hi	Sab Ki Version	Sab Ki Version NT	Sab Ki Version NT
HRVCBV	Croatian	hrv	hr	Croatian Bible	None	none
HUNHBS	Hungarian	hun	hu	The New Translation	Magyar Bibliatársulat	Hungarian Literature Society
HUNHUN	Hungarian	hun	hu	Revised Hungarian Bible	Revideált Új Fordítás	Revised New Translation
HUNK90	Hungarian	hun	hu	1590 Károli Bible	None	none
INDNTV	Indonesian	ind	id	Indonesian New Translation, Formal Version (1974)	Alkitab Terjemahan Baru	New Translation Bible
INDSHL	Indonesian	ind	id	Indonesian Shellabear Version	None	None
INDSHV	Indonesian	ind	id	Indonesian Sehari-hari	Indonesian Sehari-hari	Everyday
INDWBT	Indonesian	ind	id	Indonesian Easy to Read New Testament	Perjanjian Baru dalam Terjemahan Sederhana Indonesia	New Testament in Indonesian Simplified Translation
JPNCJV	Japanese	jpn	ja	Japanese 1955 Colloquial Japanese	口語訳聖書	Spoken Translation Bible
JPNNIT	Japanese	jpn	ja	Japanese New Interconfessional Translation	新共同訳聖書	New Collaborative Translation Bible
KANWTC	Kannada	kan	kn	Kannada Easy-to-Read Version	ಕನ್ನಡ: ಈಸಿ ಆವೃತ್ತಿ ರೀಡ್	Kannada: Easy version read
KATGNT	Georgian	kat	ka	The New Testament in Georgian	ახალი აღთქმა	New Testament
KAZKAZ	Kazakh	kaz	kk	Kazakh Bible 2010	Киелі кітап	The Bible
KIRWBT	Kirghiz	kir	ky	Kyrgyz New Testament	Кыргызча, Кыргыз тили	English, the language
KMRIBT	Northern Kurdish	kmr	ku	Transcaucasia	None	None
KMRK09	Northern Kurdish	kmr	ku	Kurdish-Kurmanji New Testament (2009)	Încîl û Zebûr	New Testament
KMRKLA	Northern Kurdish	kmr	ku	2012 Edition 	None	None
KORKRV	Korean	kor	ko	The Revised Korean Bible (New Script)	None	None
LATNV1	Latin	lat	la	Latin Neo-Vulgata	Latin Neo-vulgata	Revised Standard Version
LDIL07	Laari	ldi	kg	Laari New Testament (2007)	None	400
LDINEW	Laari	ldi	kg	Laari New Testament (2016)	None	400
MALNIB	Malayalam	mal	ml	New India Bible Version in Malayalam	None	None
MARRVV	Marathi	mar	mr	RVV Version	None	None
MARWTC	Marathi	mar	mr	Easy-to-Read Marathi Bible	बायबल वाचण्यास सोपे	Easy to read the Bible
MLGDPV	Malagasy	mlg	mg	Malagasy Protestant Version	None	None
MLGEIV	Malagasy	mlg	mg	Malagasy Interconfessional Version	None	None
MLGRCV	Malagasy	mlg	mg	Malagasy Roman Catholic Version	None	None
MLGRPV	Malagasy	mlg	mg	Revised Protestant Version	Revised Protestant Version NT	Revised Protestant Version NT
MYABJB	Burmese	mya	my	Judson Bible	ထာဝရဘုရား၏	LORD
NORNBS	Norwegian	nor	no	1930 Det Norsk Bibelselskap	None	none
NORNBV	Norwegian	nor	no	Norsk Bibel AS 2016	Norsk Bibel AS 2016 NT	Norsk Bibel AS 2016 NT
ORYWTC	Oriya (macrolanguage)	ori	or	Oriya: Easy to Read Version	ଓରିୟା ଅସଯ ତୋ ରେଦ୍ ବେରସିଓଂ	400
OSSIBT	Ossetian	oss	os	New Testament and Old Testament Portions	None	400
PANOVV	Panjabi	pan	pa	OVV Version	None	None
PANWTC	Panjabi	pan	pa	Panjabi Easy to Read Bible	ਪੰਜਾਬੀ ਏਆਸ੍ਯ ਤੋ ਰਾਦ ਬਾਈਬਲ	The Bible from Eday to Rhad Bible
PESNMV	Iranian Persian	pes	fa	New Millenium Version	ترجمه هزارۀ نو	Translate new throne
PESTPV	Iranian Persian	pes	fa	Today's Persian Version	None	None
POLMLB	Polish	pol	pl	Millennium Bible	Biblia Tysiąclecia	The Millennial Bible
POLNCV	Polish	pol	pl	Polish New Covenant Translation	Nowe Przymierze	The New Covenant
POLPBG	Polish	pol	pl	Polish 1632 Polish Biblia Gdanska	None	none
POLUBG	Polish	pol	pl	Gates of Hope Foundation	Fundacja Wrota Nadziei	The Foundation of the Gate of Hope
PORACF	Portuguese	por	pt	Almeida Corrigida Fiel	None	None
PORB09	Portuguese	por	pt	Bible for Everyone	a BÍBLIA para todos	the BIBLE for all
PORBAR	Portuguese	por	pt	Revised King James Version (Brazil)	João Ferreira de Almeida (Brasil)	João Ferreira de Almeida (Brazil)
PORJFA	Portuguese	por	pt	Revised King James Version (Brazil)	João Ferreira de Almeida (Brazil)	João Ferreira de Almeida (Brazil)
PORNLH	Portuguese	por	pt	(Brasil) Nova Traducao na Linguagem de Hoje	None	None
PORPAR	Portuguese	por	pt	Revised King James Version (Portugal)	João Ferreira de Almeida (Portugal)	João Ferreira de Almeida (Portugal)
PORTLH	Portuguese	por	pt	Today's Portuguese Version	Nova Tradução na Linguagem de Hoje	New Translation in Today&#39;s Language
PORWTC	Portuguese	por	pt	2014 Edition	None	None
PRSGNN	Dari	prs	fa	Good News for a New Age	None	None
QUBPBS	Huallaga Huánuco Quechua	qub	qu	Huallaga Quechua WBT Version	Tayta Diosninchi Isquirbichishan	400
QUFLLB	Lambayeque Quechua	quf	qu	The New Testament in Quechua, Lambayeque	Mushuq Testamento	400
QUHQUE	South Bolivian Quechua	quh	qu	South Bolivian Quechua New Testament (2014)	None	400
QUHSBB	South Bolivian Quechua	quh	qu	South Bolivian Quechua 1993 Edition	Dios Parlapawanchej	400
QULSBB	North Bolivian Quechua	qul	qu	North Bolivian Quechua 1985 Edition	Mosoj Testamento	400
QUPTBL	Southern Pastaza Quechua	qup	qu	Southern Pastaza Quechua 1997 Edition	Yaya Diospa Mushu Killkachishkan Shimi	400
QVCTBL	Cajamarca Quechua	qvc	qu	Cajamarca Quechua 2004 Edition	None	400
QVETBL	Eastern Apurímac Quechua	qve	qu	Eastern Apurimac Quechua WBT Version	Mosoq Testamento	400
QVHLLB	Huamalíes-Dos de Mayo Huánuco Quechua	qvh	qu	Huamalies-Dos de Mayo Quechua 2003 Edition	Mushog Testamento	400
QVIIHB	Imbabura Highland Quichua	qvi	qu	Imababura Highland Quichua Bible	Diospaj Shimi	400
QVMTBL	Margos-Yarowilca-Lauricocha Quechua	qvm	qu	Margos-Yarowilca-Lauricocha Quechua 2003 Edition	Mushog Testamento: Margos-Yarowilca-Lauricocha	400
QVNLLB	North Junín Quechua	qvn	qu	North Junin Quechua 1997 Edition	Tayta Diospa Guepacag Testamentun	400
QVSTBL	San Martín Quechua	qvs	qu	San Marti­n Quechua 1992 Edition	Tata Diospa Mushuk Rimanan	400
QVWTBL	Huaylla Wanca Quechua	qvw	qu	Huaylla Wanca Quechua 2006 Edition	Muśhü Limalicuy	400
QVZWBT	Northern Pastaza Quichua	qvz	qu	Northern Pastaza Quichua 1992 Edition	Diospa Shimi	400
QWHLLB	Huaylas Ancash Quechua	qwh	qu	Huaylas Ancash Quechua 2007 Edition	Teyta Diospa: Mushoq Testamentun	400
QXHWBT	Panao Huánuco Quechua	qxh	qu	Panao Huánuco Quechua 2009 Edition	Mushuj Testamento	400
QXLQSE	Salasaca Highland Quichua	qxl	qu	Salasaka Version	None	400
QXLQSV	Salasaca Highland Quichua	qxl	qu	Salaska Highland Quichua Version	None	400
QXLWBT	Salasaca Highland Quichua	qxl	qu	Salaska Highland Quichua New Testament	None	400
QXNWBT	Northern Conchucos Ancash Quechua	qxn	qu	Northern Conchucos Ancash Quechua 2006 Edition	Señor Jesucristopa Alli Willacuynin	400
QXOLLB	Southern Conchucos Ancash Quechua	qxo	qu	Southern Conchucos Ancash Quechua 2002 Edition	Mushog Testamento	400
QXRBSE	Cañar Highland Quichua	qxr	qu	Cañar Quichua Bible	None	400
RONBSR	Romanian	ron	ro	Romanian Interconfessional New Testament	None	none
RONWTC	Romanian	ron	ro	Romanian Easy to Read	None	none
RUSIBS	Russian	rus	ru	Russian Central Asian Russian Version	Священное Писание, Восточный Перевод	Holy Scripture, Eastern Translation
RUSS76	Russian	rus	ru	Russian 1876 Synodal Bible	Синодальный перевод	Synodal Translation
RUSSVR	Russian	rus	ru	SVR Version	None	None
RUSWTC	Russian	rus	ru	2014 Edition	2014 Edition NT	2014 Edition NT
SOMB13	Somali	som	so	Somali 2013 Edition	Kitaabka Quduuska Ah	The Bible
SOMSIM	Somali	som	so	Somali 2007 Edition	Kitaabka Quduuska	Bible
SPABDA	Spanish	spa	es	Bible of America	Biblia de América	Bible of America
SPADHH	Spanish	spa	es	Good News Bible	Biblia Dios Habla Hoy	Bible God Speaks Today
SPAERV	Spanish	spa	es	2000 Edition	None	None
SPALAR	Spanish	spa	es	Portions of the Bible in Spanish	Lenguaje Actual	Current Language
SPANVI	Spanish	spa	es	New International Version	Nueva Version Internacional	New International Version
SPAPDT	Spanish	spa	es	Spanish PDT Children's Bible	La Palabra de Dios Para Todos	The Word of God for Everyone
SPAR60	Spanish	spa	es	Reina-Valera 1960	La Santa Biblia de 1960	The Holy Bible of 1960
SPAR95	Spanish	spa	es	Renia Valera 1995	Reina Valera 1995	Reina Valera 1995
SPARVC	Spanish	spa	es	Reina-Valera Contemporary	Reina-Valera Contemporánea	Contemporary Reina-Valera
SPAWTC	Spanish	spa	es	The Word of God for All	La Palabra De Dios Para Todos	The Word of God for Everyone
SWEIBS	Swedish	swe	sv	Swedish IBS Version (1977)	None	None
SWES17	Swedish	swe	sv	Swedish 1917 Swedish Bible	Bibeln eller Den Heliga Skrift innehållande Nya Testamentets Kanonista Böcker	The Bible or the Holy Script containing the New Testament Canonical Books
SWESFB	Swedish	swe	sv	Swedish 1998 Stiftelsen Svenska Folkbibeln Version	Stiftelsen Svenska Folkbibeln	The foundation Svenska Folkbibeln
SWESFV	Swedish	swe	sv	2015 Stiftelsen Svenska Folkbibeln	None	None
SWHKSB	Swahili (individual language)	swh	sw	Swahili Bible	Biblia Habari Njema	Good News Bible
SWHSUV	Swahili (individual language)	swh	sw	Swahili Union Version	None	None
TAMWTC	Tamil	tam	ta	Tamil Easy-to-Read Version	தமிழ்: பைபிள் படிக்க எளிதாக	Tamil: The Bible is easy to read
TATIBT	Tatar	tat	tt	New Testament in Tatar	Гайсәнең нәсел шәҗәрәсе	400
TCVOVV	Tamil	tam	ta	Old Version	None	None
TCWOVV	Telugu	tel	te	Old Version	None	None
TELWTC	Telugu	tel	te	Telugu Easy to Read Version	చదువు సులభం బైబిల్	It&#39;s easy to read the Bible
TGKIBT	Tajik	tgk	tg	Portions of the Bible in Tajik	None	None
TGLMBB	Tagalog	tgl	tl	Tagalog Popular Version	Tagalog Magandang Balita Biblia (revised)	English Bible (revised)
TGLPBS	Tagalog	tgl	tl	Tagalog New Testament	None	None
TGLTAB	Tagalog	tgl	tl	The Old Bible	Ang Dating Biblia	The Bible Is Dating
THAKJV	Thai	tha	th	Thai King James Version	พระคัมภีร์ภาษาไทยฉบับ	Thai Bible
THATSV	Thai	tha	th	Thai Standard Version	เวอร์ชั่นไทยมาตรฐาน	Thai Standard Version
TIRTBI	Tigrinya	tir	ti	Tigrinya Common Language Bible	መጽሓፍ ቅዱስ	400
TONBAX	Tonga (Tonga Islands)	ton	to	Tongan Bible (Revised West Version)	Koe Tohi Tabu Katoa	400
TONBSP	Tonga (Tonga Islands)	ton	to	BSP Version	BSP Version NT	400
TSOMLT	Tsonga	tso	ts	Mahungu Lamanene Testamente Leyintshwa	None	400
TSOMZB	Tsonga	tso	ts	The New Testament in Xichangana	None	400
TUKIBT	Turkmen	tuk	tk	Turkish Bible (2016)	None	400
TURBLI	Turkish	tur	tr	Halk Dilinde 2012	None	Nona
TURBST	Turkish	tur	tr	New Turkish Translation	Turkish Yeni Çeviri	Turkish New translation
TURNVS	Turkish	tur	tr	Turkish Good News Version	Müjde	Good news
TURTBS	Turkish	tur	tr	Turkish Kutsal Kitap Bible	Kutsal Kitap	Holy book
UKRN39	Ukrainian	ukr	uk	Ohienko New Testament and Psalms	None	None
UKRO30	Ukrainian	ukr	uk	Ukrainian 1962 Ohienko Bible	None	None
URDBSI	Urdu	urd	ur	Urdu Old Version	None	None
URDURV	Urdu	urd	ur	Urdu Revised Version	None	None
URDWTC	Urdu	urd	ur	Urdu Easy-to-Read Bible	پڑھنے کے لئے آسان	Easy to read
VIECOV	Vietnamese	vie	vi	1924 Khoi-Cadman	None	None
VIELHG	Vietnamese	vie	vi	Vietnamese LHG Version	None	None
VIEO98	Vietnamese	vie	vi	Vietnamese Old Version (1998)	None	None
VIEWTC	Vietnamese	vie	vi	Vietnamese Easy to Read Bible	Thánh Kinh Bản Phổ thông	Sacred Scripture
YORBSN	Yoruba	yor	yo	The Bible in Yoruba (2004)	None	None
YORYOR	Yoruba	yor	yo	Yoruba Bible	BIBELI MIMỌ	THE BIBLE TEACHING
ZLMAVB	Malay (individual language)	zlm	ms	Malay Bible: Borneo Version	Alkitab Versi Borneo	Borneo Version
ZLMTMV	Malay (individual language)	zlm	ms	Today's Malay Version	None	None
ZYBNBP	Yongbei Zhuang	zyb	za	Yongbei Zhuang Bible	None	400
AMHACLB	Amharic	amh	am	Amharic Common Language Bible	መጽሐፍ ቅዱስ	The Bible
CMNRCUV	Mandarin Chinese	cmn	zh	Revised Chinese Union Version	修訂版和合本	Revised edition
ENGNIRV	English	eng	en	New International Reader's Version	None	400
ENGNKJV	English	eng	en	New King James Version	None	400
KMRPAPC	Northern Kurdish	kmr	ku	Psalms and Proverbs in Kurmanji Kurdish (Cyrillic)	Зәбур, Мәсәле	Зәбур, Мәсәле
KORNKSB	Korean	kor	ko	Revised New Korean Standard Bible	성경전서새번역	Bible Full Text
KORRNKV	Korean	kor	ko	Revised New Korean Standard Version	북한말 성경	The North Korean Bible
OSSIBTD	Ossetian	oss	os	Gospel of John in the Digor Dialect	None	400
QUHDTMR	South Bolivian Quechua	quh	qu	South Bolivian Quechua (2006 Edition)	Dios Tatanchispaq Musuq Rimayninkuna	400
RONCORN	Romanian	ron	ro	Cornilescu Bible	None	none
